<?xml version="1.0" encoding="UTF-8"?>
<coverage generated="1635548029567" clover="3.2.0">
  <project timestamp="1635548029568" name="All files">
    <metrics statements="21" coveredstatements="21" conditionals="5" coveredconditionals="5" methods="7" coveredmethods="7" elements="33" coveredelements="33" complexity="0" loc="21" ncloc="21" packages="3" files="4" classes="4"/>
    <package name="components.Form">
      <metrics statements="3" coveredstatements="3" conditionals="5" coveredconditionals="5" methods="1" coveredmethods="1"/>
      <file name="index.js" path="/Users/e0069860/Channel/react-test/src/components/Form/index.js">
        <metrics statements="3" coveredstatements="3" conditionals="5" coveredconditionals="5" methods="1" coveredmethods="1"/>
        <line num="3" count="1" type="stmt"/>
        <line num="4" count="3" type="cond" truecount="3" falsecount="0"/>
        <line num="6" count="3" type="stmt"/>
      </file>
    </package>
    <package name="components.Users">
      <metrics statements="5" coveredstatements="5" conditionals="0" coveredconditionals="0" methods="3" coveredmethods="3"/>
      <file name="UserCard.js" path="/Users/e0069860/Channel/react-test/src/components/Users/UserCard.js">
        <metrics statements="2" coveredstatements="2" conditionals="0" coveredconditionals="0" methods="1" coveredmethods="1"/>
        <line num="3" count="1" type="stmt"/>
        <line num="4" count="1" type="stmt"/>
      </file>
      <file name="index.js" path="/Users/e0069860/Channel/react-test/src/components/Users/index.js">
        <metrics statements="3" coveredstatements="3" conditionals="0" coveredconditionals="0" methods="2" coveredmethods="2"/>
        <line num="4" count="1" type="stmt"/>
        <line num="5" count="1" type="stmt"/>
        <line num="17" count="1" type="stmt"/>
      </file>
    </package>
    <package name="containers.dashbaord">
      <metrics statements="13" coveredstatements="13" conditionals="0" coveredconditionals="0" methods="3" coveredmethods="3"/>
      <file name="hooks.js" path="/Users/e0069860/Channel/react-test/src/containers/dashbaord/hooks.js">
        <metrics statements="13" coveredstatements="13" conditionals="0" coveredconditionals="0" methods="3" coveredmethods="3"/>
        <line num="3" count="1" type="stmt"/>
        <line num="4" count="11" type="stmt"/>
        <line num="5" count="11" type="stmt"/>
        <line num="7" count="11" type="stmt"/>
        <line num="9" count="11" type="stmt"/>
        <line num="16" count="11" type="stmt"/>
        <line num="17" count="4" type="stmt"/>
        <line num="18" count="4" type="stmt"/>
        <line num="21" count="11" type="stmt"/>
        <line num="22" count="2" type="stmt"/>
        <line num="23" count="2" type="stmt"/>
        <line num="24" count="2" type="stmt"/>
        <line num="27" count="11" type="stmt"/>
      </file>
    </package>
  </project>
</coverage>
