{"/Users/e0069860/Channel/react-test/src/components/Form/index.js": {"path":"/Users/e0069860/Channel/react-test/src/components/Form/index.js","statementMap":{"0":{"start":{"line":3,"column":20},"end":{"line":41,"column":1}},"1":{"start":{"line":4,"column":22},"end":{"line":4,"column":70}},"2":{"start":{"line":6,"column":2},"end":{"line":40,"column":4}}},"fnMap":{"0":{"name":"(anonymous_0)","decl":{"start":{"line":3,"column":20},"end":{"line":3,"column":21}},"loc":{"start":{"line":3,"column":62},"end":{"line":41,"column":1}},"line":3}},"branchMap":{"0":{"loc":{"start":{"line":4,"column":22},"end":{"line":4,"column":70}},"type":"binary-expr","locations":[{"start":{"line":4,"column":22},"end":{"line":4,"column":37}},{"start":{"line":4,"column":41},"end":{"line":4,"column":55}},{"start":{"line":4,"column":59},"end":{"line":4,"column":70}}],"line":4},"1":{"loc":{"start":{"line":32,"column":24},"end":{"line":32,"column":53}},"type":"cond-expr","locations":[{"start":{"line":32,"column":38},"end":{"line":32,"column":48}},{"start":{"line":32,"column":51},"end":{"line":32,"column":53}}],"line":32}},"s":{"0":1,"1":3,"2":3},"f":{"0":3},"b":{"0":[3,2,2],"1":[1,2]},"_coverageSchema":"1a1c01bbd47fc00a2c39e90264f33305004495a9","hash":"6ad44a71099ac90a67a18833e54e42a4d0294822"}
,"/Users/e0069860/Channel/react-test/src/components/Users/UserCard.js": {"path":"/Users/e0069860/Channel/react-test/src/components/Users/UserCard.js","statementMap":{"0":{"start":{"line":3,"column":24},"end":{"line":11,"column":1}},"1":{"start":{"line":4,"column":2},"end":{"line":10,"column":4}}},"fnMap":{"0":{"name":"(anonymous_0)","decl":{"start":{"line":3,"column":24},"end":{"line":3,"column":25}},"loc":{"start":{"line":3,"column":38},"end":{"line":11,"column":1}},"line":3}},"branchMap":{},"s":{"0":1,"1":1},"f":{"0":1},"b":{},"_coverageSchema":"1a1c01bbd47fc00a2c39e90264f33305004495a9","hash":"6de92ecb48d647ea1711a993a75efd35c514f7a1"}
,"/Users/e0069860/Channel/react-test/src/components/Users/index.js": {"path":"/Users/e0069860/Channel/react-test/src/components/Users/index.js","statementMap":{"0":{"start":{"line":4,"column":21},"end":{"line":22,"column":1}},"1":{"start":{"line":5,"column":2},"end":{"line":21,"column":8}},"2":{"start":{"line":17,"column":10},"end":{"line":17,"column":48}}},"fnMap":{"0":{"name":"(anonymous_0)","decl":{"start":{"line":4,"column":21},"end":{"line":4,"column":22}},"loc":{"start":{"line":5,"column":2},"end":{"line":21,"column":8}},"line":5},"1":{"name":"(anonymous_1)","decl":{"start":{"line":16,"column":19},"end":{"line":16,"column":20}},"loc":{"start":{"line":17,"column":10},"end":{"line":17,"column":48}},"line":17}},"branchMap":{},"s":{"0":1,"1":1,"2":1},"f":{"0":1,"1":1},"b":{},"_coverageSchema":"1a1c01bbd47fc00a2c39e90264f33305004495a9","hash":"71854168ba4d03e702c82f1d371ba2739637226e"}
,"/Users/e0069860/Channel/react-test/src/containers/dashbaord/hooks.js": {"path":"/Users/e0069860/Channel/react-test/src/containers/dashbaord/hooks.js","statementMap":{"0":{"start":{"line":3,"column":28},"end":{"line":28,"column":1}},"1":{"start":{"line":4,"column":15},"end":{"line":4,"column":25}},"2":{"start":{"line":5,"column":17},"end":{"line":5,"column":32}},"3":{"start":{"line":7,"column":28},"end":{"line":7,"column":46}},"4":{"start":{"line":9,"column":26},"end":{"line":14,"column":4}},"5":{"start":{"line":16,"column":23},"end":{"line":19,"column":3}},"6":{"start":{"line":17,"column":28},"end":{"line":17,"column":36}},"7":{"start":{"line":18,"column":4},"end":{"line":18,"column":40}},"8":{"start":{"line":21,"column":23},"end":{"line":25,"column":3}},"9":{"start":{"line":22,"column":4},"end":{"line":22,"column":23}},"10":{"start":{"line":23,"column":4},"end":{"line":23,"column":64}},"11":{"start":{"line":24,"column":4},"end":{"line":24,"column":50}},"12":{"start":{"line":27,"column":2},"end":{"line":27,"column":53}}},"fnMap":{"0":{"name":"(anonymous_0)","decl":{"start":{"line":3,"column":28},"end":{"line":3,"column":29}},"loc":{"start":{"line":3,"column":34},"end":{"line":28,"column":1}},"line":3},"1":{"name":"(anonymous_1)","decl":{"start":{"line":16,"column":23},"end":{"line":16,"column":24}},"loc":{"start":{"line":16,"column":30},"end":{"line":19,"column":3}},"line":16},"2":{"name":"(anonymous_2)","decl":{"start":{"line":21,"column":23},"end":{"line":21,"column":24}},"loc":{"start":{"line":21,"column":30},"end":{"line":25,"column":3}},"line":21}},"branchMap":{},"s":{"0":1,"1":11,"2":11,"3":11,"4":11,"5":11,"6":4,"7":4,"8":11,"9":2,"10":2,"11":2,"12":11},"f":{"0":11,"1":4,"2":2},"b":{},"_coverageSchema":"1a1c01bbd47fc00a2c39e90264f33305004495a9","hash":"486cd13a83234ecaf4a865f85cd8e094b4ca6af6"}
}
